2024-01-29 16:26:47 [main] DEBUG org.apache.poi.openxml4j.opc.PackageRelationshipCollection - Parsing relationship: /xl/worksheets/_rels/sheet1.xml.rels
2024-01-29 16:26:47 [main] DEBUG org.apache.poi.openxml4j.opc.PackageRelationshipCollection - Parsing relationship: /_rels/.rels
2024-01-29 16:26:47 [main] DEBUG org.apache.poi.ooxml.POIXMLFactory - using default POIXMLDocumentPart for http://schemas.openxmlformats.org/officeDocument/2006/relationships/printerSettings
2024-01-29 16:26:47 [main] DEBUG org.apache.poi.openxml4j.opc.PackageRelationshipCollection - Parsing relationship: /xl/_rels/workbook.xml.rels
2024-01-29 16:26:47 [main] DEBUG org.apache.poi.openxml4j.opc.PackageRelationshipCollection - Parsing relationship: /xl/worksheets/_rels/sheet1.xml.rels
2024-01-29 16:26:47 [main] DEBUG org.apache.poi.openxml4j.opc.PackageRelationshipCollection - Parsing relationship: /_rels/.rels
2024-01-29 16:26:47 [main] DEBUG org.apache.poi.ooxml.POIXMLFactory - using default POIXMLDocumentPart for http://schemas.openxmlformats.org/officeDocument/2006/relationships/printerSettings
2024-01-29 16:26:47 [main] DEBUG org.apache.poi.openxml4j.opc.PackageRelationshipCollection - Parsing relationship: /xl/_rels/workbook.xml.rels
2024-01-29 16:26:47 [main] DEBUG org.apache.poi.openxml4j.opc.PackageRelationshipCollection - Parsing relationship: /xl/worksheets/_rels/sheet1.xml.rels
2024-01-29 16:26:47 [main] DEBUG org.apache.poi.openxml4j.opc.PackageRelationshipCollection - Parsing relationship: /_rels/.rels
2024-01-29 16:26:47 [main] DEBUG org.apache.poi.ooxml.POIXMLFactory - using default POIXMLDocumentPart for http://schemas.openxmlformats.org/officeDocument/2006/relationships/printerSettings
2024-01-29 16:26:49 [main] DEBUG com.gvk.TestCases.standalonetestdataprovider - ==============Launched chrome Browser==========================
2024-01-29 16:26:57 [main] DEBUG com.gvk.TestCases.standalonetestdataprovider - ==============Launched chrome Browser==========================
2024-01-29 16:27:03 [main] DEBUG com.gvk.TestCases.standalonetestPOMmodified - ==============Launched chrome Browser==========================
2024-01-29 16:27:07 [main] ERROR com.gvk.TestCases.standalonetestPOMmodified - ================error message==================
2024-01-29 16:27:30 [main] FATAL com.gvk.TestCases.standalonetestPOMmodified - ===================fatal message================
2024-01-29 16:27:31 [main] DEBUG com.gvk.TestCases.standalonetestPOMmodified - ======================debug message=============
2024-01-29 16:27:31 [main] INFO  com.gvk.TestCases.standalonetestPOMmodified - =================info message====================
2024-01-29 16:27:31 [main] TRACE com.gvk.TestCases.standalonetestPOMmodified - =================trace message==================
2024-01-29 16:27:31 [main] WARN  com.gvk.TestCases.standalonetestPOMmodified - ===================warn message==================
2024-07-06 12:12:35 [main] DEBUG com.gvk.TestCases.standalonetestPOMmodified - ==============Launched chrome Browser==========================
2024-07-06 12:12:39 [main] ERROR com.gvk.TestCases.standalonetestPOMmodified - ================error message==================
2024-07-06 12:48:42 [main] DEBUG com.gvk.TestCases.standalonetestPOMmodified - ==============Launched chrome Browser==========================
2024-07-06 12:49:56 [main] DEBUG com.gvk.TestCases.standalonetestPOMmodified - ==============Launched chrome Browser==========================
2024-07-06 12:50:00 [main] ERROR com.gvk.TestCases.standalonetestPOMmodified - ================error message==================
